{"/Users/kyleannen/Code/jsontictactoe/src/main/assets/tictactoe.spec.js":{"path":"/Users/kyleannen/Code/jsontictactoe/src/main/assets/tictactoe.spec.js","s":{"1":1,"2":1,"3":1,"4":1,"5":1,"6":1,"7":0,"8":0,"9":0,"10":0,"11":0,"12":0,"13":0,"14":0,"15":0,"16":0,"17":0,"18":0,"19":0,"20":0,"21":0,"22":0,"23":0,"24":0,"25":0,"26":0,"27":0,"28":0,"29":0,"30":0,"31":0,"32":0,"33":0,"34":0,"35":0,"36":0,"37":0,"38":0,"39":0,"40":0,"41":0,"42":0,"43":0,"44":0,"45":0,"46":0,"47":0,"48":0,"49":0,"50":0,"51":0,"52":0,"53":0,"54":0,"55":0,"56":0,"57":0,"58":0,"59":0,"60":0,"61":0,"62":0,"63":0,"64":0,"65":0,"66":0,"67":0,"68":0,"69":0,"70":0,"71":0,"72":0,"73":0,"74":0,"75":0,"76":0,"77":0,"78":0,"79":0,"80":0,"81":0,"82":0,"83":0,"84":0,"85":0,"86":0,"87":0,"88":0,"89":0,"90":0,"91":0,"92":0,"93":0,"94":0,"95":0,"96":0,"97":0,"98":0,"99":0,"100":0,"101":0,"102":0,"103":0,"104":0,"105":0,"106":0,"107":0,"108":0,"109":0,"110":0,"111":0,"112":0,"113":0,"114":0,"115":0,"116":0,"117":0,"118":0,"119":0,"120":0,"121":0,"122":0},"b":{},"f":{"1":0,"2":0,"3":0,"4":0,"5":0,"6":0,"7":0,"8":0,"9":0,"10":0,"11":0,"12":0,"13":0,"14":0,"15":0,"16":0,"17":0,"18":0,"19":0,"20":0,"21":0,"22":0,"23":0,"24":0,"25":0,"26":0,"27":0,"28":0},"fnMap":{"1":{"name":"(anonymous_1)","line":36,"loc":{"start":{"line":36,"column":35},"end":{"line":36,"column":46}}},"2":{"name":"(anonymous_2)","line":37,"loc":{"start":{"line":37,"column":30},"end":{"line":37,"column":41}}},"3":{"name":"(anonymous_3)","line":38,"loc":{"start":{"line":38,"column":43},"end":{"line":38,"column":54}}},"4":{"name":"(anonymous_4)","line":47,"loc":{"start":{"line":47,"column":33},"end":{"line":47,"column":44}}},"5":{"name":"(anonymous_5)","line":48,"loc":{"start":{"line":48,"column":38},"end":{"line":48,"column":49}}},"6":{"name":"(anonymous_6)","line":57,"loc":{"start":{"line":57,"column":27},"end":{"line":57,"column":38}}},"7":{"name":"(anonymous_7)","line":58,"loc":{"start":{"line":58,"column":66},"end":{"line":58,"column":77}}},"8":{"name":"(anonymous_8)","line":61,"loc":{"start":{"line":61,"column":39},"end":{"line":61,"column":61}}},"9":{"name":"(anonymous_9)","line":81,"loc":{"start":{"line":81,"column":69},"end":{"line":81,"column":80}}},"10":{"name":"(anonymous_10)","line":84,"loc":{"start":{"line":84,"column":39},"end":{"line":84,"column":61}}},"11":{"name":"(anonymous_11)","line":103,"loc":{"start":{"line":103,"column":75},"end":{"line":103,"column":86}}},"12":{"name":"(anonymous_12)","line":106,"loc":{"start":{"line":106,"column":39},"end":{"line":106,"column":61}}},"13":{"name":"(anonymous_13)","line":125,"loc":{"start":{"line":125,"column":31},"end":{"line":125,"column":42}}},"14":{"name":"(anonymous_14)","line":126,"loc":{"start":{"line":126,"column":40},"end":{"line":126,"column":51}}},"15":{"name":"(anonymous_15)","line":129,"loc":{"start":{"line":129,"column":39},"end":{"line":129,"column":61}}},"16":{"name":"(anonymous_16)","line":143,"loc":{"start":{"line":143,"column":68},"end":{"line":143,"column":79}}},"17":{"name":"(anonymous_17)","line":146,"loc":{"start":{"line":146,"column":39},"end":{"line":146,"column":61}}},"18":{"name":"(anonymous_18)","line":161,"loc":{"start":{"line":161,"column":41},"end":{"line":161,"column":52}}},"19":{"name":"(anonymous_19)","line":162,"loc":{"start":{"line":162,"column":89},"end":{"line":162,"column":100}}},"20":{"name":"(anonymous_20)","line":165,"loc":{"start":{"line":165,"column":37},"end":{"line":165,"column":59}}},"21":{"name":"(anonymous_21)","line":169,"loc":{"start":{"line":169,"column":38},"end":{"line":169,"column":50}}},"22":{"name":"(anonymous_22)","line":195,"loc":{"start":{"line":195,"column":28},"end":{"line":195,"column":39}}},"23":{"name":"(anonymous_23)","line":196,"loc":{"start":{"line":196,"column":73},"end":{"line":196,"column":84}}},"24":{"name":"(anonymous_24)","line":199,"loc":{"start":{"line":199,"column":39},"end":{"line":199,"column":61}}},"25":{"name":"(anonymous_25)","line":204,"loc":{"start":{"line":204,"column":44},"end":{"line":204,"column":59}}},"26":{"name":"(anonymous_26)","line":217,"loc":{"start":{"line":217,"column":29},"end":{"line":217,"column":40}}},"27":{"name":"(anonymous_27)","line":223,"loc":{"start":{"line":223,"column":66},"end":{"line":223,"column":77}}},"28":{"name":"(anonymous_28)","line":227,"loc":{"start":{"line":227,"column":65},"end":{"line":227,"column":76}}}},"statementMap":{"1":{"start":{"line":1,"column":0},"end":{"line":1,"column":36}},"2":{"start":{"line":2,"column":0},"end":{"line":2,"column":41}},"3":{"start":{"line":3,"column":0},"end":{"line":3,"column":29}},"4":{"start":{"line":4,"column":0},"end":{"line":4,"column":39}},"5":{"start":{"line":6,"column":0},"end":{"line":34,"column":14}},"6":{"start":{"line":36,"column":0},"end":{"line":235,"column":3}},"7":{"start":{"line":37,"column":4},"end":{"line":45,"column":7}},"8":{"start":{"line":38,"column":8},"end":{"line":44,"column":11}},"9":{"start":{"line":39,"column":12},"end":{"line":39,"column":104}},"10":{"start":{"line":40,"column":12},"end":{"line":40,"column":48}},"11":{"start":{"line":41,"column":12},"end":{"line":41,"column":53}},"12":{"start":{"line":42,"column":12},"end":{"line":42,"column":63}},"13":{"start":{"line":43,"column":12},"end":{"line":43,"column":62}},"14":{"start":{"line":47,"column":4},"end":{"line":55,"column":7}},"15":{"start":{"line":48,"column":8},"end":{"line":54,"column":11}},"16":{"start":{"line":49,"column":12},"end":{"line":49,"column":49}},"17":{"start":{"line":50,"column":12},"end":{"line":50,"column":54}},"18":{"start":{"line":51,"column":12},"end":{"line":51,"column":48}},"19":{"start":{"line":52,"column":12},"end":{"line":52,"column":50}},"20":{"start":{"line":53,"column":12},"end":{"line":53,"column":66}},"21":{"start":{"line":57,"column":4},"end":{"line":123,"column":7}},"22":{"start":{"line":58,"column":8},"end":{"line":79,"column":11}},"23":{"start":{"line":59,"column":12},"end":{"line":59,"column":56}},"24":{"start":{"line":61,"column":12},"end":{"line":77,"column":15}},"25":{"start":{"line":62,"column":16},"end":{"line":62,"column":63}},"26":{"start":{"line":63,"column":16},"end":{"line":63,"column":52}},"27":{"start":{"line":64,"column":16},"end":{"line":64,"column":49}},"28":{"start":{"line":65,"column":16},"end":{"line":65,"column":34}},"29":{"start":{"line":66,"column":16},"end":{"line":66,"column":43}},"30":{"start":{"line":67,"column":16},"end":{"line":67,"column":50}},"31":{"start":{"line":69,"column":16},"end":{"line":69,"column":47}},"32":{"start":{"line":71,"column":16},"end":{"line":71,"column":80}},"33":{"start":{"line":72,"column":16},"end":{"line":72,"column":35}},"34":{"start":{"line":74,"column":16},"end":{"line":74,"column":50}},"35":{"start":{"line":76,"column":16},"end":{"line":76,"column":31}},"36":{"start":{"line":81,"column":8},"end":{"line":101,"column":11}},"37":{"start":{"line":82,"column":12},"end":{"line":82,"column":56}},"38":{"start":{"line":84,"column":12},"end":{"line":99,"column":15}},"39":{"start":{"line":85,"column":16},"end":{"line":85,"column":63}},"40":{"start":{"line":86,"column":16},"end":{"line":86,"column":52}},"41":{"start":{"line":87,"column":16},"end":{"line":87,"column":49}},"42":{"start":{"line":88,"column":16},"end":{"line":88,"column":34}},"43":{"start":{"line":89,"column":16},"end":{"line":89,"column":43}},"44":{"start":{"line":90,"column":16},"end":{"line":90,"column":50}},"45":{"start":{"line":92,"column":16},"end":{"line":92,"column":47}},"46":{"start":{"line":94,"column":16},"end":{"line":94,"column":82}},"47":{"start":{"line":96,"column":16},"end":{"line":96,"column":53}},"48":{"start":{"line":98,"column":16},"end":{"line":98,"column":31}},"49":{"start":{"line":103,"column":8},"end":{"line":122,"column":11}},"50":{"start":{"line":104,"column":12},"end":{"line":104,"column":56}},"51":{"start":{"line":106,"column":12},"end":{"line":121,"column":15}},"52":{"start":{"line":107,"column":16},"end":{"line":107,"column":63}},"53":{"start":{"line":108,"column":16},"end":{"line":108,"column":52}},"54":{"start":{"line":109,"column":16},"end":{"line":109,"column":49}},"55":{"start":{"line":110,"column":16},"end":{"line":110,"column":34}},"56":{"start":{"line":111,"column":16},"end":{"line":111,"column":43}},"57":{"start":{"line":112,"column":16},"end":{"line":112,"column":50}},"58":{"start":{"line":114,"column":16},"end":{"line":114,"column":47}},"59":{"start":{"line":116,"column":16},"end":{"line":116,"column":80}},"60":{"start":{"line":118,"column":16},"end":{"line":118,"column":49}},"61":{"start":{"line":120,"column":16},"end":{"line":120,"column":31}},"62":{"start":{"line":125,"column":4},"end":{"line":159,"column":7}},"63":{"start":{"line":126,"column":8},"end":{"line":141,"column":11}},"64":{"start":{"line":127,"column":12},"end":{"line":127,"column":56}},"65":{"start":{"line":129,"column":12},"end":{"line":140,"column":15}},"66":{"start":{"line":130,"column":16},"end":{"line":130,"column":63}},"67":{"start":{"line":131,"column":16},"end":{"line":131,"column":52}},"68":{"start":{"line":133,"column":16},"end":{"line":133,"column":55}},"69":{"start":{"line":135,"column":16},"end":{"line":135,"column":82}},"70":{"start":{"line":137,"column":16},"end":{"line":137,"column":58}},"71":{"start":{"line":139,"column":16},"end":{"line":139,"column":31}},"72":{"start":{"line":143,"column":8},"end":{"line":158,"column":11}},"73":{"start":{"line":144,"column":12},"end":{"line":144,"column":56}},"74":{"start":{"line":146,"column":12},"end":{"line":157,"column":15}},"75":{"start":{"line":147,"column":16},"end":{"line":147,"column":63}},"76":{"start":{"line":148,"column":16},"end":{"line":148,"column":52}},"77":{"start":{"line":150,"column":16},"end":{"line":150,"column":55}},"78":{"start":{"line":152,"column":16},"end":{"line":152,"column":82}},"79":{"start":{"line":154,"column":16},"end":{"line":154,"column":57}},"80":{"start":{"line":156,"column":16},"end":{"line":156,"column":31}},"81":{"start":{"line":161,"column":4},"end":{"line":193,"column":7}},"82":{"start":{"line":162,"column":6},"end":{"line":192,"column":9}},"83":{"start":{"line":163,"column":10},"end":{"line":163,"column":54}},"84":{"start":{"line":165,"column":10},"end":{"line":191,"column":13}},"85":{"start":{"line":166,"column":14},"end":{"line":166,"column":61}},"86":{"start":{"line":167,"column":14},"end":{"line":167,"column":37}},"87":{"start":{"line":169,"column":14},"end":{"line":171,"column":16}},"88":{"start":{"line":170,"column":18},"end":{"line":170,"column":50}},"89":{"start":{"line":173,"column":14},"end":{"line":173,"column":66}},"90":{"start":{"line":175,"column":14},"end":{"line":178,"column":15}},"91":{"start":{"line":176,"column":18},"end":{"line":176,"column":54}},"92":{"start":{"line":177,"column":18},"end":{"line":177,"column":65}},"93":{"start":{"line":180,"column":14},"end":{"line":180,"column":55}},"94":{"start":{"line":181,"column":14},"end":{"line":181,"column":55}},"95":{"start":{"line":182,"column":14},"end":{"line":182,"column":55}},"96":{"start":{"line":183,"column":14},"end":{"line":183,"column":55}},"97":{"start":{"line":184,"column":14},"end":{"line":184,"column":55}},"98":{"start":{"line":185,"column":14},"end":{"line":185,"column":55}},"99":{"start":{"line":186,"column":14},"end":{"line":186,"column":55}},"100":{"start":{"line":187,"column":14},"end":{"line":187,"column":55}},"101":{"start":{"line":188,"column":14},"end":{"line":188,"column":55}},"102":{"start":{"line":190,"column":14},"end":{"line":190,"column":29}},"103":{"start":{"line":195,"column":4},"end":{"line":215,"column":7}},"104":{"start":{"line":196,"column":8},"end":{"line":214,"column":11}},"105":{"start":{"line":197,"column":12},"end":{"line":197,"column":56}},"106":{"start":{"line":199,"column":12},"end":{"line":213,"column":15}},"107":{"start":{"line":200,"column":16},"end":{"line":200,"column":63}},"108":{"start":{"line":202,"column":16},"end":{"line":202,"column":34}},"109":{"start":{"line":204,"column":16},"end":{"line":206,"column":18}},"110":{"start":{"line":205,"column":20},"end":{"line":205,"column":47}},"111":{"start":{"line":208,"column":16},"end":{"line":208,"column":68}},"112":{"start":{"line":210,"column":16},"end":{"line":210,"column":65}},"113":{"start":{"line":212,"column":16},"end":{"line":212,"column":31}},"114":{"start":{"line":217,"column":4},"end":{"line":230,"column":7}},"115":{"start":{"line":218,"column":8},"end":{"line":218,"column":40}},"116":{"start":{"line":219,"column":8},"end":{"line":219,"column":23}},"117":{"start":{"line":220,"column":8},"end":{"line":220,"column":39}},"118":{"start":{"line":221,"column":8},"end":{"line":221,"column":50}},"119":{"start":{"line":223,"column":8},"end":{"line":225,"column":11}},"120":{"start":{"line":224,"column":12},"end":{"line":224,"column":55}},"121":{"start":{"line":227,"column":8},"end":{"line":229,"column":11}},"122":{"start":{"line":228,"column":12},"end":{"line":228,"column":52}}},"branchMap":{}},"/Users/kyleannen/Code/jsontictactoe/src/main/assets/tictactoe.js":{"path":"/Users/kyleannen/Code/jsontictactoe/src/main/assets/tictactoe.js","s":{"1":1,"2":0,"3":0,"4":1,"5":0,"6":1,"7":0,"8":1,"9":0,"10":0,"11":0,"12":0,"13":1,"14":0,"15":0,"16":0,"17":0,"18":1,"19":0,"20":0,"21":0,"22":0,"23":1,"24":0,"25":0,"26":0,"27":0,"28":1,"29":0,"30":0,"31":0,"32":0,"33":0,"34":0,"35":0,"36":0,"37":0,"38":0,"39":0,"40":0,"41":1,"42":0,"43":0,"44":0,"45":1,"46":0,"47":0,"48":0,"49":0,"50":0,"51":0,"52":0,"53":1,"54":1,"55":1,"56":1,"57":0},"b":{"1":[0,0],"2":[0,0],"3":[0,0],"4":[1,0],"5":[1,0],"6":[1,1]},"f":{"1":0,"2":0,"3":0,"4":0,"5":0,"6":0,"7":0,"8":0,"9":0,"10":0,"11":0,"12":0,"13":0},"fnMap":{"1":{"name":"TicTacToe","line":3,"loc":{"start":{"line":3,"column":0},"end":{"line":3,"column":35}}},"2":{"name":"(anonymous_2)","line":8,"loc":{"start":{"line":8,"column":36},"end":{"line":8,"column":51}}},"3":{"name":"(anonymous_3)","line":12,"loc":{"start":{"line":12,"column":39},"end":{"line":12,"column":55}}},"4":{"name":"(anonymous_4)","line":16,"loc":{"start":{"line":16,"column":33},"end":{"line":16,"column":57}}},"5":{"name":"(anonymous_5)","line":23,"loc":{"start":{"line":23,"column":37},"end":{"line":23,"column":56}}},"6":{"name":"(anonymous_6)","line":30,"loc":{"start":{"line":30,"column":34},"end":{"line":30,"column":50}}},"7":{"name":"(anonymous_7)","line":38,"loc":{"start":{"line":38,"column":35},"end":{"line":38,"column":50}}},"8":{"name":"(anonymous_8)","line":45,"loc":{"start":{"line":45,"column":38},"end":{"line":45,"column":53}}},"9":{"name":"(anonymous_9)","line":52,"loc":{"start":{"line":52,"column":24},"end":{"line":52,"column":36}}},"10":{"name":"(anonymous_10)","line":62,"loc":{"start":{"line":62,"column":34},"end":{"line":62,"column":46}}},"11":{"name":"(anonymous_11)","line":68,"loc":{"start":{"line":68,"column":47},"end":{"line":68,"column":72}}},"12":{"name":"(anonymous_12)","line":69,"loc":{"start":{"line":69,"column":56},"end":{"line":69,"column":68}}},"13":{"name":"(anonymous_13)","line":73,"loc":{"start":{"line":73,"column":43},"end":{"line":73,"column":56}}}},"statementMap":{"1":{"start":{"line":3,"column":0},"end":{"line":6,"column":1}},"2":{"start":{"line":4,"column":4},"end":{"line":4,"column":42}},"3":{"start":{"line":5,"column":4},"end":{"line":5,"column":41}},"4":{"start":{"line":8,"column":0},"end":{"line":10,"column":2}},"5":{"start":{"line":9,"column":4},"end":{"line":9,"column":28}},"6":{"start":{"line":12,"column":0},"end":{"line":14,"column":2}},"7":{"start":{"line":13,"column":4},"end":{"line":13,"column":28}},"8":{"start":{"line":16,"column":0},"end":{"line":21,"column":2}},"9":{"start":{"line":17,"column":4},"end":{"line":17,"column":46}},"10":{"start":{"line":18,"column":4},"end":{"line":18,"column":51}},"11":{"start":{"line":19,"column":4},"end":{"line":19,"column":33}},"12":{"start":{"line":20,"column":4},"end":{"line":20,"column":47}},"13":{"start":{"line":23,"column":0},"end":{"line":27,"column":2}},"14":{"start":{"line":24,"column":4},"end":{"line":24,"column":88}},"15":{"start":{"line":24,"column":42},"end":{"line":24,"column":87}},"16":{"start":{"line":25,"column":4},"end":{"line":25,"column":75}},"17":{"start":{"line":26,"column":4},"end":{"line":26,"column":57}},"18":{"start":{"line":30,"column":0},"end":{"line":36,"column":2}},"19":{"start":{"line":31,"column":4},"end":{"line":35,"column":5}},"20":{"start":{"line":32,"column":8},"end":{"line":32,"column":54}},"21":{"start":{"line":33,"column":8},"end":{"line":33,"column":69}},"22":{"start":{"line":34,"column":8},"end":{"line":34,"column":37}},"23":{"start":{"line":38,"column":0},"end":{"line":43,"column":2}},"24":{"start":{"line":39,"column":4},"end":{"line":39,"column":18}},"25":{"start":{"line":40,"column":4},"end":{"line":40,"column":33}},"26":{"start":{"line":41,"column":4},"end":{"line":41,"column":21}},"27":{"start":{"line":42,"column":4},"end":{"line":42,"column":16}},"28":{"start":{"line":45,"column":0},"end":{"line":60,"column":2}},"29":{"start":{"line":46,"column":4},"end":{"line":46,"column":65}},"30":{"start":{"line":47,"column":4},"end":{"line":47,"column":46}},"31":{"start":{"line":48,"column":4},"end":{"line":48,"column":56}},"32":{"start":{"line":49,"column":4},"end":{"line":49,"column":42}},"33":{"start":{"line":50,"column":4},"end":{"line":50,"column":39}},"34":{"start":{"line":51,"column":4},"end":{"line":51,"column":61}},"35":{"start":{"line":52,"column":4},"end":{"line":58,"column":6}},"36":{"start":{"line":53,"column":8},"end":{"line":53,"column":47}},"37":{"start":{"line":54,"column":8},"end":{"line":54,"column":48}},"38":{"start":{"line":55,"column":8},"end":{"line":57,"column":9}},"39":{"start":{"line":56,"column":12},"end":{"line":56,"column":47}},"40":{"start":{"line":59,"column":4},"end":{"line":59,"column":39}},"41":{"start":{"line":62,"column":0},"end":{"line":66,"column":2}},"42":{"start":{"line":63,"column":4},"end":{"line":63,"column":32}},"43":{"start":{"line":64,"column":4},"end":{"line":64,"column":47}},"44":{"start":{"line":65,"column":4},"end":{"line":65,"column":31}},"45":{"start":{"line":68,"column":0},"end":{"line":79,"column":2}},"46":{"start":{"line":69,"column":4},"end":{"line":78,"column":7}},"47":{"start":{"line":70,"column":8},"end":{"line":70,"column":66}},"48":{"start":{"line":71,"column":8},"end":{"line":76,"column":9}},"49":{"start":{"line":72,"column":12},"end":{"line":72,"column":32}},"50":{"start":{"line":73,"column":12},"end":{"line":75,"column":15}},"51":{"start":{"line":74,"column":16},"end":{"line":74,"column":41}},"52":{"start":{"line":77,"column":8},"end":{"line":77,"column":38}},"53":{"start":{"line":82,"column":0},"end":{"line":90,"column":1}},"54":{"start":{"line":83,"column":4},"end":{"line":85,"column":5}},"55":{"start":{"line":84,"column":8},"end":{"line":84,"column":45}},"56":{"start":{"line":86,"column":4},"end":{"line":86,"column":34}},"57":{"start":{"line":89,"column":4},"end":{"line":89,"column":31}}},"branchMap":{"1":{"line":24,"type":"if","locations":[{"start":{"line":24,"column":4},"end":{"line":24,"column":4}},{"start":{"line":24,"column":4},"end":{"line":24,"column":4}}]},"2":{"line":55,"type":"if","locations":[{"start":{"line":55,"column":8},"end":{"line":55,"column":8}},{"start":{"line":55,"column":8},"end":{"line":55,"column":8}}]},"3":{"line":55,"type":"binary-expr","locations":[{"start":{"line":55,"column":12},"end":{"line":55,"column":39}},{"start":{"line":55,"column":43},"end":{"line":55,"column":68}}]},"4":{"line":82,"type":"if","locations":[{"start":{"line":82,"column":0},"end":{"line":82,"column":0}},{"start":{"line":82,"column":0},"end":{"line":82,"column":0}}]},"5":{"line":83,"type":"if","locations":[{"start":{"line":83,"column":4},"end":{"line":83,"column":4}},{"start":{"line":83,"column":4},"end":{"line":83,"column":4}}]},"6":{"line":83,"type":"binary-expr","locations":[{"start":{"line":83,"column":8},"end":{"line":83,"column":37}},{"start":{"line":83,"column":41},"end":{"line":83,"column":55}}]}}}}